07-Sep-2024 09:33:33.523 WARNING [main] org.apache.catalina.core.StandardContext.setPath A context path must either be an empty string or start with a '/' and do not end with a '/'. The path [aiv/appimages] does not meet these criteria and has been changed to [/aiv/appimages]
07-Sep-2024 09:33:33.536 INFO [main] org.apache.catalina.startup.VersionLoggerListener.log Server version name:   Apache Tomcat/9.0.65
07-Sep-2024 09:33:33.536 INFO [main] org.apache.catalina.startup.VersionLoggerListener.log Server built:          Jul 14 2022 12:28:53 UTC
07-Sep-2024 09:33:33.536 INFO [main] org.apache.catalina.startup.VersionLoggerListener.log Server version number: 9.0.65.0
07-Sep-2024 09:33:33.536 INFO [main] org.apache.catalina.startup.VersionLoggerListener.log OS Name:               Linux
07-Sep-2024 09:33:33.536 INFO [main] org.apache.catalina.startup.VersionLoggerListener.log OS Version:            5.15.146.1-microsoft-standard-WSL2
07-Sep-2024 09:33:33.536 INFO [main] org.apache.catalina.startup.VersionLoggerListener.log Architecture:          amd64
07-Sep-2024 09:33:33.536 INFO [main] org.apache.catalina.startup.VersionLoggerListener.log Java Home:             /usr/local/openjdk-11
07-Sep-2024 09:33:33.537 INFO [main] org.apache.catalina.startup.VersionLoggerListener.log JVM Version:           11.0.16+8
07-Sep-2024 09:33:33.537 INFO [main] org.apache.catalina.startup.VersionLoggerListener.log JVM Vendor:            Oracle Corporation
07-Sep-2024 09:33:33.537 INFO [main] org.apache.catalina.startup.VersionLoggerListener.log CATALINA_BASE:         /usr/local/tomcat
07-Sep-2024 09:33:33.537 INFO [main] org.apache.catalina.startup.VersionLoggerListener.log CATALINA_HOME:         /usr/local/tomcat
07-Sep-2024 09:33:33.540 INFO [main] org.apache.catalina.startup.VersionLoggerListener.log Command line argument: --add-opens=java.base/java.lang=ALL-UNNAMED
07-Sep-2024 09:33:33.541 INFO [main] org.apache.catalina.startup.VersionLoggerListener.log Command line argument: --add-opens=java.base/java.io=ALL-UNNAMED
07-Sep-2024 09:33:33.541 INFO [main] org.apache.catalina.startup.VersionLoggerListener.log Command line argument: --add-opens=java.base/java.util=ALL-UNNAMED
07-Sep-2024 09:33:33.542 INFO [main] org.apache.catalina.startup.VersionLoggerListener.log Command line argument: --add-opens=java.base/java.util.concurrent=ALL-UNNAMED
07-Sep-2024 09:33:33.542 INFO [main] org.apache.catalina.startup.VersionLoggerListener.log Command line argument: --add-opens=java.rmi/sun.rmi.transport=ALL-UNNAMED
07-Sep-2024 09:33:33.542 INFO [main] org.apache.catalina.startup.VersionLoggerListener.log Command line argument: -Djava.util.logging.config.file=/usr/local/tomcat/conf/logging.properties
07-Sep-2024 09:33:33.542 INFO [main] org.apache.catalina.startup.VersionLoggerListener.log Command line argument: -Djava.util.logging.manager=org.apache.juli.ClassLoaderLogManager
07-Sep-2024 09:33:33.542 INFO [main] org.apache.catalina.startup.VersionLoggerListener.log Command line argument: -Xms256m
07-Sep-2024 09:33:33.542 INFO [main] org.apache.catalina.startup.VersionLoggerListener.log Command line argument: -Xmx6g
07-Sep-2024 09:33:33.543 INFO [main] org.apache.catalina.startup.VersionLoggerListener.log Command line argument: -Djava.awt.headless=true
07-Sep-2024 09:33:33.543 INFO [main] org.apache.catalina.startup.VersionLoggerListener.log Command line argument: -Djava.security.egd=file:/dev/./urandom
07-Sep-2024 09:33:33.543 INFO [main] org.apache.catalina.startup.VersionLoggerListener.log Command line argument: -Djdk.tls.ephemeralDHKeySize=2048
07-Sep-2024 09:33:33.543 INFO [main] org.apache.catalina.startup.VersionLoggerListener.log Command line argument: -Djava.protocol.handler.pkgs=org.apache.catalina.webresources
07-Sep-2024 09:33:33.543 INFO [main] org.apache.catalina.startup.VersionLoggerListener.log Command line argument: -Dorg.apache.catalina.security.SecurityListener.UMASK=0027
07-Sep-2024 09:33:33.543 INFO [main] org.apache.catalina.startup.VersionLoggerListener.log Command line argument: -Xmx8g
07-Sep-2024 09:33:33.543 INFO [main] org.apache.catalina.startup.VersionLoggerListener.log Command line argument: -Xms4g
07-Sep-2024 09:33:33.543 INFO [main] org.apache.catalina.startup.VersionLoggerListener.log Command line argument: -XX:MaxPermSize=1024m
07-Sep-2024 09:33:33.543 INFO [main] org.apache.catalina.startup.VersionLoggerListener.log Command line argument: -Dignore.endorsed.dirs=
07-Sep-2024 09:33:33.543 INFO [main] org.apache.catalina.startup.VersionLoggerListener.log Command line argument: -Dcatalina.base=/usr/local/tomcat
07-Sep-2024 09:33:33.543 INFO [main] org.apache.catalina.startup.VersionLoggerListener.log Command line argument: -Dcatalina.home=/usr/local/tomcat
07-Sep-2024 09:33:33.543 INFO [main] org.apache.catalina.startup.VersionLoggerListener.log Command line argument: -Djava.io.tmpdir=/usr/local/tomcat/temp
07-Sep-2024 09:33:33.546 INFO [main] org.apache.catalina.core.AprLifecycleListener.lifecycleEvent Loaded Apache Tomcat Native library [1.2.35] using APR version [1.7.0].
07-Sep-2024 09:33:33.546 INFO [main] org.apache.catalina.core.AprLifecycleListener.lifecycleEvent APR capabilities: IPv6 [true], sendfile [true], accept filters [false], random [true], UDS [true].
07-Sep-2024 09:33:33.546 INFO [main] org.apache.catalina.core.AprLifecycleListener.lifecycleEvent APR/OpenSSL configuration: useAprConnector [false], useOpenSSL [true]
07-Sep-2024 09:33:33.547 INFO [main] org.apache.catalina.core.AprLifecycleListener.initializeSSL OpenSSL successfully initialized [OpenSSL 1.1.1n  15 Mar 2022]
07-Sep-2024 09:33:33.833 INFO [main] org.apache.coyote.AbstractProtocol.init Initializing ProtocolHandler ["http-nio-8080"]
07-Sep-2024 09:33:33.858 INFO [main] org.apache.catalina.startup.Catalina.load Server initialization in [545] milliseconds
07-Sep-2024 09:33:33.926 INFO [main] org.apache.catalina.core.StandardService.startInternal Starting service [Catalina]
07-Sep-2024 09:33:33.927 INFO [main] org.apache.catalina.core.StandardEngine.startInternal Starting Servlet engine: [Apache Tomcat/9.0.65]
07-Sep-2024 09:33:34.272 INFO [main] org.apache.catalina.startup.HostConfig.deployDirectory Deploying web application directory [/usr/local/tomcat/webapps/aiv]
07-Sep-2024 09:33:53.946 INFO [main] org.apache.jasper.servlet.TldScanner.scanJars At least one JAR was scanned for TLDs yet contained no TLDs. Enable debug logging for this logger for a complete list of JARs that were scanned but no TLDs were found in them. Skipping unneeded JARs during scanning can improve startup time and JSP compilation time.
07-Sep-2024 09:33:57.776 SEVERE [main] org.apache.catalina.core.StandardContext.startInternal One or more listeners failed to start. Full details will be found in the appropriate container log file
07-Sep-2024 09:33:57.778 SEVERE [main] org.apache.catalina.core.StandardContext.startInternal Context [/aiv] startup failed due to previous errors
07-Sep-2024 09:33:57.838 WARNING [main] org.apache.catalina.loader.WebappClassLoaderBase.clearReferencesJdbc The web application [aiv] registered the JDBC driver [org.hsqldb.jdbc.JDBCDriver] but failed to unregister it when the web application was stopped. To prevent a memory leak, the JDBC Driver has been forcibly unregistered.
07-Sep-2024 09:33:57.839 WARNING [main] org.apache.catalina.loader.WebappClassLoaderBase.clearReferencesThreads The web application [aiv] appears to have started a thread named [Timer-0] but has failed to stop it. This is very likely to create a memory leak. Stack trace of thread:
 java.base@11.0.16/java.lang.Object.wait(Native Method)
 java.base@11.0.16/java.util.TimerThread.mainLoop(Timer.java:553)
 java.base@11.0.16/java.util.TimerThread.run(Timer.java:506)
07-Sep-2024 09:33:57.849 INFO [main] org.apache.catalina.startup.HostConfig.deployDirectory Deployment of web application directory [/usr/local/tomcat/webapps/aiv] has finished in [23,578] ms
07-Sep-2024 09:33:57.860 INFO [main] org.apache.coyote.AbstractProtocol.start Starting ProtocolHandler ["http-nio-8080"]
07-Sep-2024 09:33:57.873 INFO [main] org.apache.catalina.startup.Catalina.start Server startup in [24013] milliseconds
07-Sep-2024 09:36:32.641 INFO [Thread-3] org.apache.catalina.loader.WebappClassLoaderBase.checkStateForResourceLoading Illegal access: this web application instance has been stopped already. Could not load [org.apache.commons.vfs2.impl.PrivilegedFileReplicator$CloseAction]. The following stack trace is thrown for debugging purposes as well as to attempt to terminate the thread which caused the illegal access.
	java.lang.IllegalStateException: Illegal access: this web application instance has been stopped already. Could not load [org.apache.commons.vfs2.impl.PrivilegedFileReplicator$CloseAction]. The following stack trace is thrown for debugging purposes as well as to attempt to terminate the thread which caused the illegal access.
		at org.apache.catalina.loader.WebappClassLoaderBase.checkStateForResourceLoading(WebappClassLoaderBase.java:1432)
		at org.apache.catalina.loader.WebappClassLoaderBase.checkStateForClassLoading(WebappClassLoaderBase.java:1420)
		at org.apache.catalina.loader.WebappClassLoaderBase.loadClass(WebappClassLoaderBase.java:1259)
		at org.apache.catalina.loader.WebappClassLoaderBase.loadClass(WebappClassLoaderBase.java:1220)
		at org.apache.commons.vfs2.impl.PrivilegedFileReplicator.close(PrivilegedFileReplicator.java:113)
		at org.apache.commons.vfs2.impl.DefaultFileSystemManager.closeComponent(DefaultFileSystemManager.java:500)
		at org.apache.commons.vfs2.impl.DefaultFileSystemManager.close(DefaultFileSystemManager.java:600)
		at org.pentaho.di.core.vfs.KettleVFS$1.run(KettleVFS.java:84)
		at java.base/java.lang.Thread.run(Thread.java:829)
07-Sep-2024 09:36:32.642 INFO [Thread-6] org.apache.coyote.AbstractProtocol.pause Pausing ProtocolHandler ["http-nio-8080"]
07-Sep-2024 09:36:32.646 INFO [Thread-6] org.apache.catalina.core.StandardService.stopInternal Stopping service [Catalina]
07-Sep-2024 09:36:32.662 INFO [Thread-6] org.apache.coyote.AbstractProtocol.stop Stopping ProtocolHandler ["http-nio-8080"]
07-Sep-2024 09:36:32.671 INFO [Thread-6] org.apache.coyote.AbstractProtocol.destroy Destroying ProtocolHandler ["http-nio-8080"]
07-Sep-2024 09:36:41.001 WARNING [main] org.apache.catalina.core.StandardContext.setPath A context path must either be an empty string or start with a '/' and do not end with a '/'. The path [aiv/appimages] does not meet these criteria and has been changed to [/aiv/appimages]
07-Sep-2024 09:36:41.012 INFO [main] org.apache.catalina.startup.VersionLoggerListener.log Server version name:   Apache Tomcat/9.0.65
07-Sep-2024 09:36:41.012 INFO [main] org.apache.catalina.startup.VersionLoggerListener.log Server built:          Jul 14 2022 12:28:53 UTC
07-Sep-2024 09:36:41.012 INFO [main] org.apache.catalina.startup.VersionLoggerListener.log Server version number: 9.0.65.0
07-Sep-2024 09:36:41.013 INFO [main] org.apache.catalina.startup.VersionLoggerListener.log OS Name:               Linux
07-Sep-2024 09:36:41.013 INFO [main] org.apache.catalina.startup.VersionLoggerListener.log OS Version:            5.15.146.1-microsoft-standard-WSL2
07-Sep-2024 09:36:41.013 INFO [main] org.apache.catalina.startup.VersionLoggerListener.log Architecture:          amd64
07-Sep-2024 09:36:41.013 INFO [main] org.apache.catalina.startup.VersionLoggerListener.log Java Home:             /usr/local/openjdk-11
07-Sep-2024 09:36:41.013 INFO [main] org.apache.catalina.startup.VersionLoggerListener.log JVM Version:           11.0.16+8
07-Sep-2024 09:36:41.013 INFO [main] org.apache.catalina.startup.VersionLoggerListener.log JVM Vendor:            Oracle Corporation
07-Sep-2024 09:36:41.013 INFO [main] org.apache.catalina.startup.VersionLoggerListener.log CATALINA_BASE:         /usr/local/tomcat
07-Sep-2024 09:36:41.013 INFO [main] org.apache.catalina.startup.VersionLoggerListener.log CATALINA_HOME:         /usr/local/tomcat
07-Sep-2024 09:36:41.020 INFO [main] org.apache.catalina.startup.VersionLoggerListener.log Command line argument: --add-opens=java.base/java.lang=ALL-UNNAMED
07-Sep-2024 09:36:41.021 INFO [main] org.apache.catalina.startup.VersionLoggerListener.log Command line argument: --add-opens=java.base/java.io=ALL-UNNAMED
07-Sep-2024 09:36:41.021 INFO [main] org.apache.catalina.startup.VersionLoggerListener.log Command line argument: --add-opens=java.base/java.util=ALL-UNNAMED
07-Sep-2024 09:36:41.021 INFO [main] org.apache.catalina.startup.VersionLoggerListener.log Command line argument: --add-opens=java.base/java.util.concurrent=ALL-UNNAMED
07-Sep-2024 09:36:41.021 INFO [main] org.apache.catalina.startup.VersionLoggerListener.log Command line argument: --add-opens=java.rmi/sun.rmi.transport=ALL-UNNAMED
07-Sep-2024 09:36:41.021 INFO [main] org.apache.catalina.startup.VersionLoggerListener.log Command line argument: -Djava.util.logging.config.file=/usr/local/tomcat/conf/logging.properties
07-Sep-2024 09:36:41.022 INFO [main] org.apache.catalina.startup.VersionLoggerListener.log Command line argument: -Djava.util.logging.manager=org.apache.juli.ClassLoaderLogManager
07-Sep-2024 09:36:41.022 INFO [main] org.apache.catalina.startup.VersionLoggerListener.log Command line argument: -Xms256m
07-Sep-2024 09:36:41.022 INFO [main] org.apache.catalina.startup.VersionLoggerListener.log Command line argument: -Xmx6g
07-Sep-2024 09:36:41.022 INFO [main] org.apache.catalina.startup.VersionLoggerListener.log Command line argument: -Djava.awt.headless=true
07-Sep-2024 09:36:41.022 INFO [main] org.apache.catalina.startup.VersionLoggerListener.log Command line argument: -Djava.security.egd=file:/dev/./urandom
07-Sep-2024 09:36:41.022 INFO [main] org.apache.catalina.startup.VersionLoggerListener.log Command line argument: -Djdk.tls.ephemeralDHKeySize=2048
07-Sep-2024 09:36:41.022 INFO [main] org.apache.catalina.startup.VersionLoggerListener.log Command line argument: -Djava.protocol.handler.pkgs=org.apache.catalina.webresources
07-Sep-2024 09:36:41.022 INFO [main] org.apache.catalina.startup.VersionLoggerListener.log Command line argument: -Dorg.apache.catalina.security.SecurityListener.UMASK=0027
07-Sep-2024 09:36:41.022 INFO [main] org.apache.catalina.startup.VersionLoggerListener.log Command line argument: -Xmx8g
07-Sep-2024 09:36:41.022 INFO [main] org.apache.catalina.startup.VersionLoggerListener.log Command line argument: -Xms4g
07-Sep-2024 09:36:41.022 INFO [main] org.apache.catalina.startup.VersionLoggerListener.log Command line argument: -XX:MaxPermSize=1024m
07-Sep-2024 09:36:41.022 INFO [main] org.apache.catalina.startup.VersionLoggerListener.log Command line argument: -Dignore.endorsed.dirs=
07-Sep-2024 09:36:41.023 INFO [main] org.apache.catalina.startup.VersionLoggerListener.log Command line argument: -Dcatalina.base=/usr/local/tomcat
07-Sep-2024 09:36:41.023 INFO [main] org.apache.catalina.startup.VersionLoggerListener.log Command line argument: -Dcatalina.home=/usr/local/tomcat
07-Sep-2024 09:36:41.023 INFO [main] org.apache.catalina.startup.VersionLoggerListener.log Command line argument: -Djava.io.tmpdir=/usr/local/tomcat/temp
07-Sep-2024 09:36:41.026 INFO [main] org.apache.catalina.core.AprLifecycleListener.lifecycleEvent Loaded Apache Tomcat Native library [1.2.35] using APR version [1.7.0].
07-Sep-2024 09:36:41.026 INFO [main] org.apache.catalina.core.AprLifecycleListener.lifecycleEvent APR capabilities: IPv6 [true], sendfile [true], accept filters [false], random [true], UDS [true].
07-Sep-2024 09:36:41.026 INFO [main] org.apache.catalina.core.AprLifecycleListener.lifecycleEvent APR/OpenSSL configuration: useAprConnector [false], useOpenSSL [true]
07-Sep-2024 09:36:41.029 INFO [main] org.apache.catalina.core.AprLifecycleListener.initializeSSL OpenSSL successfully initialized [OpenSSL 1.1.1n  15 Mar 2022]
07-Sep-2024 09:36:41.351 INFO [main] org.apache.coyote.AbstractProtocol.init Initializing ProtocolHandler ["http-nio-8080"]
07-Sep-2024 09:36:41.378 INFO [main] org.apache.catalina.startup.Catalina.load Server initialization in [583] milliseconds
07-Sep-2024 09:36:41.440 INFO [main] org.apache.catalina.core.StandardService.startInternal Starting service [Catalina]
07-Sep-2024 09:36:41.441 INFO [main] org.apache.catalina.core.StandardEngine.startInternal Starting Servlet engine: [Apache Tomcat/9.0.65]
07-Sep-2024 09:36:41.743 INFO [main] org.apache.catalina.startup.HostConfig.deployDirectory Deploying web application directory [/usr/local/tomcat/webapps/aiv]
07-Sep-2024 09:36:51.853 INFO [main] org.apache.jasper.servlet.TldScanner.scanJars At least one JAR was scanned for TLDs yet contained no TLDs. Enable debug logging for this logger for a complete list of JARs that were scanned but no TLDs were found in them. Skipping unneeded JARs during scanning can improve startup time and JSP compilation time.
07-Sep-2024 09:36:54.427 SEVERE [main] org.apache.catalina.core.StandardContext.startInternal One or more listeners failed to start. Full details will be found in the appropriate container log file
07-Sep-2024 09:36:54.429 SEVERE [main] org.apache.catalina.core.StandardContext.startInternal Context [/aiv] startup failed due to previous errors
07-Sep-2024 09:36:54.463 WARNING [main] org.apache.catalina.loader.WebappClassLoaderBase.clearReferencesJdbc The web application [aiv] registered the JDBC driver [org.hsqldb.jdbc.JDBCDriver] but failed to unregister it when the web application was stopped. To prevent a memory leak, the JDBC Driver has been forcibly unregistered.
07-Sep-2024 09:36:54.464 WARNING [main] org.apache.catalina.loader.WebappClassLoaderBase.clearReferencesThreads The web application [aiv] appears to have started a thread named [Timer-0] but has failed to stop it. This is very likely to create a memory leak. Stack trace of thread:
 java.base@11.0.16/java.lang.Object.wait(Native Method)
 java.base@11.0.16/java.util.TimerThread.mainLoop(Timer.java:553)
 java.base@11.0.16/java.util.TimerThread.run(Timer.java:506)
07-Sep-2024 09:36:54.471 INFO [main] org.apache.catalina.startup.HostConfig.deployDirectory Deployment of web application directory [/usr/local/tomcat/webapps/aiv] has finished in [12,727] ms
07-Sep-2024 09:36:54.473 INFO [main] org.apache.coyote.AbstractProtocol.start Starting ProtocolHandler ["http-nio-8080"]
07-Sep-2024 09:36:54.488 INFO [main] org.apache.catalina.startup.Catalina.start Server startup in [13109] milliseconds
07-Sep-2024 09:40:55.702 INFO [Thread-3] org.apache.catalina.loader.WebappClassLoaderBase.checkStateForResourceLoading Illegal access: this web application instance has been stopped already. Could not load [org.apache.commons.vfs2.impl.PrivilegedFileReplicator$CloseAction]. The following stack trace is thrown for debugging purposes as well as to attempt to terminate the thread which caused the illegal access.
	java.lang.IllegalStateException: Illegal access: this web application instance has been stopped already. Could not load [org.apache.commons.vfs2.impl.PrivilegedFileReplicator$CloseAction]. The following stack trace is thrown for debugging purposes as well as to attempt to terminate the thread which caused the illegal access.
		at org.apache.catalina.loader.WebappClassLoaderBase.checkStateForResourceLoading(WebappClassLoaderBase.java:1432)
		at org.apache.catalina.loader.WebappClassLoaderBase.checkStateForClassLoading(WebappClassLoaderBase.java:1420)
		at org.apache.catalina.loader.WebappClassLoaderBase.loadClass(WebappClassLoaderBase.java:1259)
		at org.apache.catalina.loader.WebappClassLoaderBase.loadClass(WebappClassLoaderBase.java:1220)
		at org.apache.commons.vfs2.impl.PrivilegedFileReplicator.close(PrivilegedFileReplicator.java:113)
		at org.apache.commons.vfs2.impl.DefaultFileSystemManager.closeComponent(DefaultFileSystemManager.java:500)
		at org.apache.commons.vfs2.impl.DefaultFileSystemManager.close(DefaultFileSystemManager.java:600)
		at org.pentaho.di.core.vfs.KettleVFS$1.run(KettleVFS.java:84)
		at java.base/java.lang.Thread.run(Thread.java:829)
07-Sep-2024 09:40:55.704 INFO [Thread-6] org.apache.coyote.AbstractProtocol.pause Pausing ProtocolHandler ["http-nio-8080"]
07-Sep-2024 09:40:55.709 INFO [Thread-6] org.apache.catalina.core.StandardService.stopInternal Stopping service [Catalina]
07-Sep-2024 09:40:55.736 INFO [Thread-6] org.apache.coyote.AbstractProtocol.stop Stopping ProtocolHandler ["http-nio-8080"]
07-Sep-2024 09:40:55.744 INFO [Thread-6] org.apache.coyote.AbstractProtocol.destroy Destroying ProtocolHandler ["http-nio-8080"]
